{
  "0 debug pnpm:scope": {
    "selected": 12,
    "total": 12,
    "workspacePrefix": "/Users/francescosullo/Projects/Personal/secrez"
  },
  "1 warn pnpm": {
    "message": "There are cyclic workspace dependencies: /Users/francescosullo/Projects/Personal/secrez/packages/core, /Users/francescosullo/Projects/Personal/secrez/packages/test-helpers; /Users/francescosullo/Projects/Personal/secrez/packages/core, /Users/francescosullo/Projects/Personal/secrez/packages/test-helpers, /Users/francescosullo/Projects/Personal/secrez/packages/core, /Users/francescosullo/Projects/Personal/secrez/packages/crypto, /Users/francescosullo/Projects/Personal/secrez/packages/utils, /Users/francescosullo/Projects/Personal/secrez/packages/test-helpers; /Users/francescosullo/Projects/Personal/secrez/packages/core, /Users/francescosullo/Projects/Personal/secrez/packages/test-helpers, /Users/francescosullo/Projects/Personal/secrez/packages/core, /Users/francescosullo/Projects/Personal/secrez/packages/crypto, /Users/francescosullo/Projects/Personal/secrez/packages/utils, /Users/francescosullo/Projects/Personal/secrez/packages/test-helpers, /Users/francescosullo/Projects/Personal/secrez/packages/fs, /Users/francescosullo/Projects/Personal/secrez/packages/test-helpers; /Users/francescosullo/Projects/Personal/secrez/packages/core, /Users/francescosullo/Projects/Personal/secrez/packages/test-helpers, /Users/francescosullo/Projects/Personal/secrez/packages/core, /Users/francescosullo/Projects/Personal/secrez/packages/crypto, /Users/francescosullo/Projects/Personal/secrez/packages/utils, /Users/francescosullo/Projects/Personal/secrez/packages/test-helpers, /Users/francescosullo/Projects/Personal/secrez/packages/fs, /Users/francescosullo/Projects/Personal/secrez/packages/test-helpers, /Users/francescosullo/Projects/Personal/secrez/packages/hub, /Users/francescosullo/Projects/Personal/secrez/packages/test-helpers; /Users/francescosullo/Projects/Personal/secrez/packages/core, /Users/francescosullo/Projects/Personal/secrez/packages/test-helpers, /Users/francescosullo/Projects/Personal/secrez/packages/core, /Users/francescosullo/Projects/Personal/secrez/packages/crypto, /Users/francescosullo/Projects/Personal/secrez/packages/utils, /Users/francescosullo/Projects/Personal/secrez/packages/test-helpers, /Users/francescosullo/Projects/Personal/secrez/packages/fs, /Users/francescosullo/Projects/Personal/secrez/packages/test-helpers, /Users/francescosullo/Projects/Personal/secrez/packages/hub; /Users/francescosullo/Projects/Personal/secrez/packages/core, /Users/francescosullo/Projects/Personal/secrez/packages/test-helpers, /Users/francescosullo/Projects/Personal/secrez/packages/core, /Users/francescosullo/Projects/Personal/secrez/packages/crypto, /Users/francescosullo/Projects/Personal/secrez/packages/utils, /Users/francescosullo/Projects/Personal/secrez/packages/test-helpers, /Users/francescosullo/Projects/Personal/secrez/packages/fs, /Users/francescosullo/Projects/Personal/secrez/packages/test-helpers, /Users/francescosullo/Projects/Personal/secrez/packages/hub, /Users/francescosullo/Projects/Personal/secrez/packages/tls, /Users/francescosullo/Projects/Personal/secrez/packages/test-helpers; /Users/francescosullo/Projects/Personal/secrez/packages/core, /Users/francescosullo/Projects/Personal/secrez/packages/test-helpers, /Users/francescosullo/Projects/Personal/secrez/packages/core, /Users/francescosullo/Projects/Personal/secrez/packages/crypto, /Users/francescosullo/Projects/Personal/secrez/packages/utils, /Users/francescosullo/Projects/Personal/secrez/packages/test-helpers, /Users/francescosullo/Projects/Personal/secrez/packages/fs",
    "prefix": "/Users/francescosullo/Projects/Personal/secrez"
  },
  "2 debug pnpm:package-manifest": {
    "initial": {
      "name": "root",
      "workspaces": {
        "packages": [
          "packages/*"
        ]
      },
      "scripts": {
        "test": "pnpm run test -r",
        "test-only": "pnpm run test-only -r",
        "bin-lint": "eslint -c .eslintrc 'bin/*.js'",
        "lint": "pnpm run bin-lint && pnpm run lint -r",
        "reset": "bin/clean-all-modules.sh && pnpm install",
        "patch-versions": "node bin/patch-versions.js",
        "pre-push": "pnpm run lint && node bin/pre-push.js",
        "publish": "node bin/publish-changed-packages.js",
        "check-unused": "bin/check-unused.sh"
      },
      "license": "MIT",
      "dependencies": {}
    },
    "prefix": "/Users/francescosullo/Projects/Personal/secrez"
  },
  "3 debug pnpm:package-manifest": {
    "initial": {
      "name": "@secrez/crypto",
      "version": "1.0.1",
      "license": "MIT",
      "publishConfig": {
        "access": "public"
      },
      "scripts": {
        "lint": "eslint -c .eslintrc 'src/**/*.js' 'test/**/*.js'",
        "all-tests": "find test/** -name '*.test.js' | xargs ./node_modules/.bin/mocha -R spec",
        "test-only": "cross-env NODE_ENV=test ./node_modules/.bin/mocha test/*.test.js test/**/*.test.js --exit",
        "test": "cross-env NODE_ENV=test nyc --reporter=lcov --reporter=text ./node_modules/.bin/_mocha test/*.test.js test/**/*.test.js --exit",
        "posttest": "nyc check-coverage --statements 99 --branches 85 --functions 99 --lines 99"
      },
      "dependencies": {
        "base-x": "^3.0.8",
        "byte-base64": "^1.1.0",
        "microseconds": "^0.2.0",
        "sha3": "^2.1.2",
        "shamir": "^0.7.1",
        "tweetnacl": "^1.0.3"
      },
      "devDependencies": {
        "@secrez/utils": "workspace:~1.0.2",
        "chai": "^4.2.0",
        "cross-env": "^7.0.2",
        "eslint": "^6.8.0",
        "eslint-plugin-node": "^11.1.0",
        "mocha": "^7.1.2",
        "nyc": "^15.1.0"
      },
      "description": "The Secrez core library.",
      "main": "src/index.js",
      "repository": {
        "type": "git",
        "url": "git+https://github.com/secrez/secrez.git"
      },
      "author": {
        "name": "Francesco Sullo",
        "email": "francesco@sullo.co"
      },
      "engines": {
        "node": ">=10.0.0"
      }
    },
    "prefix": "/Users/francescosullo/Projects/Personal/secrez/packages/crypto"
  },
  "4 debug pnpm:package-manifest": {
    "initial": {
      "name": "@secrez/utils",
      "version": "1.0.2",
      "license": "MIT",
      "publishConfig": {
        "access": "public"
      },
      "scripts": {
        "lint": "eslint -c .eslintrc 'src/**/*.js' 'test/**/*.js'",
        "all-tests": "find test/** -name '*.test.js' | xargs ./node_modules/.bin/mocha -R spec",
        "test-only": "cross-env NODE_ENV=test ./node_modules/.bin/mocha test/*.test.js test/**/*.test.js --exit",
        "test": "cross-env NODE_ENV=test nyc --reporter=lcov --reporter=text ./node_modules/.bin/_mocha test/*.test.js test/**/*.test.js --exit",
        "posttest": "nyc check-coverage --statements 90 --branches 80 --functions 85 --lines 90"
      },
      "dependencies": {
        "base58": "^2.0.1",
        "case": "^1.6.3",
        "csv-parse": "^4.10.1",
        "fs-extra": "^9.1.0",
        "isbinaryfile": "^4.0.5",
        "lodash": "^4.17.15",
        "play-sound": "^1.1.3",
        "yaml": "^1.10.0"
      },
      "devDependencies": {
        "@secrez/test-helpers": "workspace:~1.0.2",
        "chai": "^4.2.0",
        "chalk": "^3.0.0",
        "cross-env": "^7.0.2",
        "eslint": "^6.8.0",
        "eslint-plugin-node": "^11.0.0",
        "mocha": "^7.1.2",
        "nyc": "^15.1.0"
      },
      "description": "The Secrez core library.",
      "main": "src/index.js",
      "repository": {
        "type": "git",
        "url": "git+https://github.com/secrez/secrez.git"
      },
      "author": {
        "name": "Francesco Sullo",
        "email": "francesco@sullo.co"
      },
      "engines": {
        "node": ">=10.0.0"
      }
    },
    "prefix": "/Users/francescosullo/Projects/Personal/secrez/packages/utils"
  },
  "5 debug pnpm:package-manifest": {
    "initial": {
      "name": "@secrez/tls",
      "version": "0.1.4",
      "license": "MIT",
      "publishConfig": {
        "access": "public"
      },
      "scripts": {
        "lint": "eslint -c .eslintrc 'src/**/*.js' 'bin/*.js' 'test/**/*.js'",
        "all-tests": "find test/** -name '*.test.js' | xargs ./node_modules/.bin/mocha -R spec",
        "test-only": "cross-env NODE_ENV=test ./node_modules/.bin/mocha test/*.test.js test/**/*.test.js --exit",
        "test": "cross-env NODE_ENV=test nyc --reporter=lcov --reporter=text ./node_modules/.bin/_mocha test/*.test.js test/**/*.test.js --exit",
        "posttest": "nyc check-coverage --statements 99 --branches 90 --functions 99 --lines 99"
      },
      "dependencies": {
        "@secrez/utils": "workspace:~1.0.2",
        "chalk": "^4.1.0",
        "command-line-args": "^5.1.1",
        "cross-env": "^7.0.2",
        "eslint-plugin-node": "^11.1.0",
        "fs-extra": "^9.1.0",
        "nyc": "^15.1.0"
      },
      "devDependencies": {
        "@secrez/test-helpers": "workspace:~1.0.2",
        "chai": "^4.2.0",
        "cross-env": "^7.0.2",
        "eslint": "^6.8.0",
        "eslint-plugin-node": "^11.0.0",
        "mocha": "^7.1.1",
        "nyc": "^15.1.0"
      },
      "description": "A self-signed certificate generator",
      "main": "src/index.js",
      "bin": {
        "secrez-tls": "bin/secrez-tls.js"
      },
      "repository": {
        "type": "git",
        "url": "git+https://github.com/secrez/secrez.git"
      },
      "author": {
        "name": "Francesco Sullo",
        "email": "francesco@sullo.co"
      },
      "engines": {
        "node": ">=10.0.0"
      }
    },
    "prefix": "/Users/francescosullo/Projects/Personal/secrez/packages/tls"
  },
  "6 debug pnpm:package-manifest": {
    "initial": {
      "name": "@secrez/core",
      "version": "1.0.3",
      "license": "MIT",
      "publishConfig": {
        "access": "public"
      },
      "scripts": {
        "lint": "eslint -c .eslintrc 'src/**/*.js' 'test/**/*.js'",
        "all-tests": "find test/** -name '*.test.js' | xargs ./node_modules/.bin/mocha -R spec",
        "test-only": "cross-env NODE_ENV=test ./node_modules/.bin/mocha test/*.test.js test/**/*.test.js --exit",
        "test": "cross-env NODE_ENV=test nyc --reporter=lcov --reporter=text ./node_modules/.bin/_mocha test/*.test.js test/**/*.test.js --exit",
        "posttest": "nyc check-coverage --statements 99 --branches 94 --functions 99 --lines 99"
      },
      "dependencies": {
        "@secrez/crypto": "workspace:~1.0.1",
        "@secrez/utils": "workspace:~1.0.2",
        "fs-extra": "^9.1.0",
        "homedir": "^0.6.0",
        "lodash": "^4.17.15"
      },
      "devDependencies": {
        "@secrez/test-helpers": "workspace:~1.0.2",
        "chai": "^4.2.0",
        "cross-env": "^7.0.2",
        "eslint": "^6.8.0",
        "eslint-plugin-node": "^11.1.0",
        "mocha": "^7.1.2",
        "nyc": "^15.1.0"
      },
      "description": "The Secrez core library.",
      "main": "src/index.js",
      "repository": {
        "type": "git",
        "url": "git+https://github.com/secrez/secrez.git"
      },
      "author": {
        "name": "Francesco Sullo",
        "email": "francesco@sullo.co"
      },
      "engines": {
        "node": ">=10.0.0"
      }
    },
    "prefix": "/Users/francescosullo/Projects/Personal/secrez/packages/core"
  },
  "7 debug pnpm:package-manifest": {
    "initial": {
      "name": "@secrez/fs",
      "version": "1.0.3",
      "license": "MIT",
      "publishConfig": {
        "access": "public"
      },
      "scripts": {
        "lint": "eslint -c .eslintrc 'src/**/*.js' 'test/**/*.js'",
        "all-tests": "find test/** -name '*.test.js' | xargs ./node_modules/.bin/mocha -R spec",
        "test-only": "cross-env NODE_ENV=test ./node_modules/.bin/mocha test/*.test.js test/**/*.test.js --exit",
        "test": "cross-env NODE_ENV=test nyc --reporter=lcov --reporter=text ./node_modules/.bin/_mocha test/*.test.js test/**/*.test.js --exit",
        "posttest": "nyc check-coverage --statements 85 --branches 78 --functions 85 --lines 85"
      },
      "dependencies": {
        "@secrez/core": "workspace:~1.0.3",
        "@secrez/crypto": "workspace:~1.0.1",
        "@secrez/utils": "workspace:~1.0.2",
        "command-line-args": "^5.1.1",
        "fs-extra": "^9.1.0",
        "lodash": "^4.17.15"
      },
      "devDependencies": {
        "@secrez/test-helpers": "workspace:~1.0.2",
        "chai": "^4.2.0",
        "cross-env": "^7.0.2",
        "eslint": "^6.8.0",
        "eslint-plugin-node": "^11.0.0",
        "mocha": "^7.1.1",
        "nyc": "^15.1.0"
      },
      "description": "The Secrez fs library.",
      "main": "src/index.js",
      "repository": {
        "type": "git",
        "url": "git+https://github.com/secrez/secrez.git"
      },
      "author": {
        "name": "Francesco Sullo",
        "email": "francesco@sullo.co"
      },
      "engines": {
        "node": ">=10.0.0"
      }
    },
    "prefix": "/Users/francescosullo/Projects/Personal/secrez/packages/fs"
  },
  "8 debug pnpm:package-manifest": {
    "initial": {
      "name": "@secrez/test-helpers",
      "version": "1.0.2",
      "license": "MIT",
      "publishConfig": {
        "access": "public"
      },
      "scripts": {
        "lint": "eslint -c .eslintrc 'src/**/*.js' 'test/**/*.js'",
        "all-tests": "find test/** -name '*.test.js' | xargs ./node_modules/.bin/mocha -R spec",
        "test-only": "cross-env NODE_ENV=test ./node_modules/.bin/mocha test/*.test.js test/**/*.test.js --exit",
        "test": "cross-env NODE_ENV=test nyc --reporter=lcov --reporter=text ./node_modules/.bin/_mocha test/*.test.js test/**/*.test.js --exit",
        "posttest": "nyc check-coverage --statements 100 --branches 90 --functions 100 --lines 100"
      },
      "dependencies": {
        "@secrez/core": "workspace:~1.0.3",
        "@secrez/crypto": "workspace:~1.0.1",
        "@secrez/fs": "workspace:~1.0.3",
        "@secrez/hub": "workspace:~0.2.1",
        "@secrez/utils": "workspace:~1.0.2",
        "chai": "^4.2.0",
        "chalk": "^3.0.0",
        "fs-extra": "^9.1.0",
        "lodash": "^4.17.19",
        "superagent": "^5.3.1",
        "test-console": "^1.1.0"
      },
      "devDependencies": {
        "cross-env": "^7.0.2",
        "eslint": "^6.8.0",
        "eslint-plugin-node": "^11.0.0",
        "mocha": "^7.1.2",
        "nyc": "^15.1.0"
      },
      "description": "The common helpers used for testing",
      "main": "src/index.js",
      "repository": {
        "type": "git",
        "url": "git+https://github.com/secrez/secrez.git"
      },
      "author": {
        "name": "Francesco Sullo",
        "email": "francesco@sullo.co"
      },
      "engines": {
        "node": ">=10.0.0"
      }
    },
    "prefix": "/Users/francescosullo/Projects/Personal/secrez/packages/test-helpers"
  },
  "9 debug pnpm:package-manifest": {
    "initial": {
      "name": "@secrez/tunnel",
      "description": "Expose localhost for secure messaging",
      "version": "0.1.6",
      "license": "MIT",
      "publishConfig": {
        "access": "public"
      },
      "repository": {
        "type": "git",
        "url": "git://github.com/secrez/secrez.git"
      },
      "contributors": [
        "Roman Shtylman <shtylman@gmail.com>",
        "Francesco Sullo <francesco@sullo.co>"
      ],
      "forkedFrom": {
        "type": "git",
        "url": "git://github.com/localtunnel/localtunnel.git",
        "author": "Roman Shtylman <shtylman@gmail.com>"
      },
      "main": "./index.js",
      "bin": {
        "secrez-tunnel": "bin/secrez-tunnel.js"
      },
      "scripts": {
        "lint": "eslint -c .eslintrc 'src/**/*.js' 'test/**/*.js' 'bin/*.js' './*.js'",
        "test-only": "cross-env NODE_ENV=test ./node_modules/.bin/mocha test/*.test.js test/**/*.test.js --exit",
        "test": "cross-env NODE_ENV=test nyc --reporter=lcov --reporter=text ./node_modules/.bin/_mocha test/*.test.js test/**/*.test.js --exit",
        "posttest": "nyc check-coverage --statements 80 --branches 45 --functions 80 --lines 80"
      },
      "dependencies": {
        "@secrez/core": "workspace:~1.0.3",
        "@secrez/crypto": "workspace:~1.0.1",
        "@secrez/utils": "workspace:~1.0.2",
        "chalk": "^3.0.0",
        "command-line-args": "^5.1.1",
        "fs-extra": "^9.0.1",
        "openurl": "^1.1.1",
        "superagent": "^5.3.1"
      },
      "devDependencies": {
        "@secrez/hub": "workspace:~0.2.1",
        "@secrez/test-helpers": "workspace:~1.0.2",
        "@secrez/tls": "workspace:~0.1.4",
        "chai": "^4.2.0",
        "cross-env": "^7.0.2",
        "eslint": "^6.8.0",
        "eslint-plugin-node": "^11.0.0",
        "mocha": "^7.1.1",
        "nyc": "^15.1.0"
      },
      "engines": {
        "node": ">=10.0.0"
      }
    },
    "prefix": "/Users/francescosullo/Projects/Personal/secrez/packages/tunnel"
  },
  "10 debug pnpm:package-manifest": {
    "initial": {
      "name": "@secrez/courier",
      "version": "0.2.2",
      "license": "MIT",
      "publishConfig": {
        "access": "public"
      },
      "scripts": {
        "lint": "eslint -c .eslintrc 'src/**/*.js' 'bin/*.js' 'test/**/*.js'",
        "all-tests": "find test/** -name '*.test.js' | xargs ./node_modules/.bin/mocha -R spec",
        "test-only": "cross-env NODE_ENV=test ./node_modules/.bin/mocha test/*.test.js test/**/*.test.js --exit",
        "test": "cross-env NODE_ENV=test nyc --reporter=lcov --reporter=text ./node_modules/.bin/_mocha test/*.test.js test/**/*.test.js --exit",
        "posttest": "nyc check-coverage --statements 75 --branches 60 --functions 75 --lines 75"
      },
      "bin": {
        "secrez-courier": "bin/secrez-courier.js"
      },
      "dependencies": {
        "@secrez/core": "workspace:~1.0.3",
        "@secrez/crypto": "workspace:~1.0.1",
        "@secrez/fs": "workspace:~1.0.3",
        "@secrez/hub": "workspace:~0.2.1",
        "@secrez/tls": "workspace:~0.1.4",
        "@secrez/tunnel": "workspace:~0.1.6",
        "@secrez/utils": "workspace:~1.0.2",
        "body-parser": "^1.19.0",
        "chalk": "^3.0.0",
        "command-line-args": "^5.1.1",
        "cross-env": "^7.0.2",
        "eslint-plugin-node": "^11.1.0",
        "express": "^4.17.1",
        "fs-extra": "^9.1.0",
        "homedir": "^0.6.0",
        "knex": "^0.21.15",
        "nyc": "^15.1.0",
        "sqlite3": "^5.0.0",
        "superagent": "^5.3.1"
      },
      "devDependencies": {
        "@secrez/test-helpers": "workspace:~1.0.2",
        "chai": "^4.2.0",
        "cross-env": "^7.0.2",
        "eslint": "^6.8.0",
        "eslint-plugin-node": "^11.0.0",
        "mocha": "^7.1.1",
        "nyc": "^15.1.0"
      },
      "description": "A listener for Secrez.",
      "main": "src/index.js",
      "repository": {
        "type": "git",
        "url": "git+https://github.com/secrez/secrez.git"
      },
      "author": {
        "name": "Francesco Sullo",
        "email": "francesco@sullo.co"
      },
      "engines": {
        "node": ">=10.0.0"
      }
    },
    "prefix": "/Users/francescosullo/Projects/Personal/secrez/packages/courier"
  },
  "11 debug pnpm:package-manifest": {
    "initial": {
      "name": "@secrez/migrate",
      "version": "0.1.2",
      "license": "MIT",
      "publishConfig": {
        "access": "public"
      },
      "scripts": {
        "dev": "cross-env NODE_ENV=dev bin/secrez-migrate.js -c `pwd`/tmp/secrez-10 -i 1e3 -l `pwd`/tmp",
        "lint": "eslint -c .eslintrc 'src/**/*.js' 'bin/*.js' 'test/*.test.js' 'test/**/*.js' 'test/**/**/*.js'",
        "test-only": "cross-env NODE_ENV=test ./node_modules/.bin/mocha test/*.test.js test/**/*.test.js test/**/**/*.js --exit",
        "test": "cross-env NODE_ENV=test nyc --reporter=lcov --reporter=text ./node_modules/.bin/_mocha test/*.test.js test/**/*.test.js test/**/**/*.js --exit",
        "posttest": "nyc check-coverage --statements 65 --branches 50 --functions 65 --lines 65",
        "build-helpers": "cd test/helpers/os && ./build.sh"
      },
      "nyc": {
        "include": "src",
        "exclude": []
      },
      "dependencies": {
        "@secrez/core": "workspace:~1.0.3",
        "@secrez/crypto": "workspace:~1.0.1",
        "@secrez/fs": "workspace:~1.0.3",
        "@secrez/hub": "workspace:~0.2.1",
        "@secrez/utils": "workspace:~1.0.2",
        "chalk": "^3.0.0",
        "command-line-args": "^5.1.1",
        "fs-extra": "^9.1.0",
        "homedir": "^0.6.0",
        "inquirer": "^7.1.0",
        "inquirer-command-prompt": "^0.1.0",
        "secrez": "workspace:~1.0.2",
        "secrez-core-0-8-2": "npm:@secrez/core@0.8.12",
        "secrez-fs-0-8-8": "npm:@secrez/fs@0.8.8"
      },
      "devDependencies": {
        "@secrez/courier": "workspace:~0.2.2",
        "@secrez/test-helpers": "workspace:~1.0.2",
        "chai": "^4.2.0",
        "chalk": "^3.0.0",
        "cross-env": "^7.0.2",
        "eslint": "^6.8.0",
        "eslint-plugin-node": "^11.0.0",
        "mocha": "^7.1.1",
        "nyc": "^15.1.0",
        "test-console": "^1.1.0"
      },
      "bin": {
        "secrez-migrate": "bin/secrez-migrate.js"
      },
      "preferGlobal": true,
      "description": "A secrets manager in times of crypto coins.",
      "main": "src/index.js",
      "repository": {
        "type": "git",
        "url": "git+https://github.com/secrez/secrez.git"
      },
      "author": {
        "name": "Francesco Sullo",
        "email": "francesco@sullo.co"
      },
      "bugs": {
        "url": "https://github.com/secrez/secrez/issues"
      },
      "homepage": "https://github.com/secrez/secrez#readme",
      "engines": {
        "node": ">=10.0.0"
      }
    },
    "prefix": "/Users/francescosullo/Projects/Personal/secrez/packages/migrate"
  },
  "12 debug pnpm:package-manifest": {
    "initial": {
      "name": "secrez",
      "version": "1.1.0",
      "license": "MIT",
      "scripts": {
        "dev": "cross-env NODE_ENV=dev bin/secrez.js -c `pwd`/tmp/secrez-dev -i 1e3 -l `pwd`/tmp",
        "lint": "eslint -c .eslintrc 'src/**/*.js' 'bin/*.js' 'test/*.test.js' 'test/**/*.js' 'test/**/**/*.js'",
        "test-only": "cross-env NODE_ENV=test ./node_modules/.bin/mocha test/*.test.js test/**/*.test.js test/**/**/*.js --exit",
        "test": "cross-env NODE_ENV=test nyc --reporter=lcov --reporter=text ./node_modules/.bin/_mocha test/*.test.js test/**/*.test.js test/**/**/*.js --exit",
        "posttest": "nyc check-coverage --statements 65 --branches 50 --functions 65 --lines 65",
        "build-helpers": "cd test/helpers/os && ./build.sh"
      },
      "nyc": {
        "include": "src",
        "exclude": []
      },
      "dependencies": {
        "@secrez/core": "workspace:~1.0.3",
        "@secrez/crypto": "workspace:~1.0.1",
        "@secrez/fs": "workspace:~1.0.3",
        "@secrez/hub": "workspace:~0.2.1",
        "@secrez/utils": "workspace:~1.0.2",
        "case": "^1.6.3",
        "chalk": "^3.0.0",
        "clipboardy": "^2.3.0",
        "command-line-args": "^5.1.1",
        "external-editor": "^3.1.0",
        "fs-extra": "^9.1.0",
        "homedir": "^0.6.0",
        "inquirer": "^7.1.0",
        "inquirer-command-prompt": "^0.1.0",
        "jimp": "^0.13.0",
        "lodash": "^4.17.15",
        "otplib": "^12.0.1",
        "qrcode-reader": "^1.0.4",
        "superagent": "^5.3.1",
        "tiny-cli-editor": "^0.1.1"
      },
      "devDependencies": {
        "@secrez/courier": "workspace:~0.2.2",
        "@secrez/test-helpers": "workspace:~1.0.2",
        "chai": "^4.2.0",
        "chalk": "^3.0.0",
        "cross-env": "^7.0.2",
        "eslint": "^6.8.0",
        "eslint-plugin-node": "^11.0.0",
        "mocha": "^7.1.1",
        "nyc": "^15.1.0",
        "test-console": "^1.1.0"
      },
      "bin": {
        "secrez": "bin/secrez.js"
      },
      "preferGlobal": true,
      "description": "A secrets manager in times of crypto coins.",
      "main": "src/index.js",
      "repository": {
        "type": "git",
        "url": "git+https://github.com/secrez/secrez.git"
      },
      "author": {
        "name": "Francesco Sullo",
        "email": "francesco@sullo.co"
      },
      "bugs": {
        "url": "https://github.com/secrez/secrez/issues"
      },
      "homepage": "https://github.com/secrez/secrez#readme",
      "engines": {
        "node": ">=10.0.0"
      },
      "gitHead": "42cbc519dd2802a1e03c6203bb724c726c2bfb79"
    },
    "prefix": "/Users/francescosullo/Projects/Personal/secrez/packages/secrez"
  },
  "13 debug pnpm:package-manifest": {
    "initial": {
      "name": "@secrez/hub",
      "description": "A hub end-to-end encrypted communication",
      "version": "0.2.1",
      "license": "MIT",
      "publishConfig": {
        "access": "public"
      },
      "repository": {
        "type": "git",
        "url": "git://github.com/secrez/secrez.git"
      },
      "contributors": [
        "Roman Shtylman <shtylman@gmail.com>",
        "Francesco Sullo <francesco@sullo.co>"
      ],
      "forkedFrom": {
        "type": "git",
        "url": "git://github.com/localtunnel/server.git",
        "author": "Roman Shtylman <shtylman@gmail.com>"
      },
      "main": "./index.js",
      "bin": {
        "secrez-hub": "bin/secrez-hub.js"
      },
      "preferGlobal": true,
      "dependencies": {
        "@secrez/core": "workspace:~1.0.3",
        "@secrez/crypto": "workspace:~1.0.1",
        "@secrez/tls": "workspace:~0.1.4",
        "@secrez/utils": "workspace:~1.0.2",
        "book": "1.3.3",
        "chalk": "^3.0.0",
        "command-line-args": "^5.1.1",
        "fs-extra": "^9.1.0",
        "knex": "^0.21.15",
        "koa": "2.13.0",
        "koa-router": "9.1.0",
        "pump": "3.0.0",
        "sqlite3": "^5.0.0"
      },
      "devDependencies": {
        "@secrez/test-helpers": "workspace:~1.0.2",
        "chai": "4.2.0",
        "cross-env": "7.0.2",
        "eslint": "^6.8.0",
        "eslint-plugin-node": "^11.0.0",
        "mocha": "8.0.1",
        "node-dev": "4.1.0",
        "nyc": "^15.1.0",
        "supertest": "4.0.2",
        "ws": "7.3.0"
      },
      "scripts": {
        "lint": "eslint -c .eslintrc 'src/**/*.js' 'test/**/*.js' 'bin/*.js' './*.js'",
        "test-only": "cross-env NODE_ENV=test ./node_modules/.bin/mocha test/*.test.js test/**/*.test.js  --exit",
        "test": "cross-env NODE_ENV=test nyc --reporter=lcov --reporter=text ./node_modules/.bin/_mocha test/*.test.js test/**/*.test.js --exit",
        "posttest": "nyc check-coverage --statements 70 --branches 50 --functions 70 --lines 70",
        "start": "./bin/secrez-hub",
        "dev": "node-dev bin/server --port 3000"
      },
      "engines": {
        "node": ">=10.0.0"
      }
    },
    "prefix": "/Users/francescosullo/Projects/Personal/secrez/packages/hub"
  },
  "14 debug pnpm:context": {
    "currentLockfileExists": false,
    "storeDir": "/Users/francescosullo/Library/pnpm/store/v3",
    "virtualStoreDir": "/Users/francescosullo/Projects/Personal/secrez/node_modules/.pnpm"
  },
  "15 debug pnpm:stage": {
    "prefix": "/Users/francescosullo/Projects/Personal/secrez",
    "stage": "resolution_started"
  },
  "16 debug pnpm:_dependency_resolved": {
    "resolution": "registry.npmjs.org/chai/4.2.0",
    "wanted": {
      "dependentId": "packages/crypto",
      "name": "chai",
      "rawSpec": "^4.2.0"
    }
  },
  "17 debug pnpm:_dependency_resolved": {
    "resolution": "registry.npmjs.org/cross-env/7.0.2",
    "wanted": {
      "dependentId": "packages/crypto",
      "name": "cross-env",
      "rawSpec": "^7.0.2"
    }
  },
  "18 debug pnpm:_dependency_resolved": {
    "resolution": "registry.npmjs.org/eslint/6.8.0",
    "wanted": {
      "dependentId": "packages/crypto",
      "name": "eslint",
      "rawSpec": "^6.8.0"
    }
  },
  "19 debug pnpm:_dependency_resolved": {
    "resolution": "registry.npmjs.org/eslint-plugin-node/11.1.0",
    "wanted": {
      "dependentId": "packages/crypto",
      "name": "eslint-plugin-node",
      "rawSpec": "^11.1.0"
    }
  },
  "20 debug pnpm:_dependency_resolved": {
    "resolution": "registry.npmjs.org/mocha/7.2.0",
    "wanted": {
      "dependentId": "packages/crypto",
      "name": "mocha",
      "rawSpec": "^7.1.2"
    }
  },
  "21 debug pnpm:_dependency_resolved": {
    "resolution": "registry.npmjs.org/nyc/15.1.0",
    "wanted": {
      "dependentId": "packages/crypto",
      "name": "nyc",
      "rawSpec": "^15.1.0"
    }
  },
  "22 debug pnpm:_dependency_resolved": {
    "resolution": "registry.npmjs.org/base-x/3.0.8",
    "wanted": {
      "dependentId": "packages/crypto",
      "name": "base-x",
      "rawSpec": "^3.0.8"
    }
  },
  "23 debug pnpm:_dependency_resolved": {
    "resolution": "registry.npmjs.org/byte-base64/1.1.0",
    "wanted": {
      "dependentId": "packages/crypto",
      "name": "byte-base64",
      "rawSpec": "^1.1.0"
    }
  },
  "24 debug pnpm:_dependency_resolved": {
    "resolution": "registry.npmjs.org/microseconds/0.2.0",
    "wanted": {
      "dependentId": "packages/crypto",
      "name": "microseconds",
      "rawSpec": "^0.2.0"
    }
  },
  "25 debug pnpm:_dependency_resolved": {
    "resolution": "registry.npmjs.org/sha3/2.1.2",
    "wanted": {
      "dependentId": "packages/crypto",
      "name": "sha3",
      "rawSpec": "^2.1.2"
    }
  },
  "26 debug pnpm:_dependency_resolved": {
    "resolution": "registry.npmjs.org/shamir/0.7.1",
    "wanted": {
      "dependentId": "packages/crypto",
      "name": "shamir",
      "rawSpec": "^0.7.1"
    }
  },
  "27 debug pnpm:_dependency_resolved": {
    "resolution": "registry.npmjs.org/tweetnacl/1.0.3",
    "wanted": {
      "dependentId": "packages/crypto",
      "name": "tweetnacl",
      "rawSpec": "^1.0.3"
    }
  },
  "28 debug pnpm:_dependency_resolved": {
    "resolution": "registry.npmjs.org/chai/4.2.0",
    "wanted": {
      "dependentId": "packages/utils",
      "name": "chai",
      "rawSpec": "^4.2.0"
    }
  },
  "29 debug pnpm:_dependency_resolved": {
    "resolution": "registry.npmjs.org/chalk/3.0.0",
    "wanted": {
      "dependentId": "packages/utils",
      "name": "chalk",
      "rawSpec": "^3.0.0"
    }
  },
  "30 debug pnpm:_dependency_resolved": {
    "resolution": "registry.npmjs.org/cross-env/7.0.2",
    "wanted": {
      "dependentId": "packages/utils",
      "name": "cross-env",
      "rawSpec": "^7.0.2"
    }
  },
  "31 debug pnpm:_dependency_resolved": {
    "resolution": "registry.npmjs.org/eslint/6.8.0",
    "wanted": {
      "dependentId": "packages/utils",
      "name": "eslint",
      "rawSpec": "^6.8.0"
    }
  },
  "32 debug pnpm:_dependency_resolved": {
    "resolution": "registry.npmjs.org/eslint-plugin-node/11.1.0",
    "wanted": {
      "dependentId": "packages/utils",
      "name": "eslint-plugin-node",
      "rawSpec": "^11.0.0"
    }
  },
  "33 debug pnpm:_dependency_resolved": {
    "resolution": "registry.npmjs.org/mocha/7.2.0",
    "wanted": {
      "dependentId": "packages/utils",
      "name": "mocha",
      "rawSpec": "^7.1.2"
    }
  },
  "34 debug pnpm:_dependency_resolved": {
    "resolution": "registry.npmjs.org/nyc/15.1.0",
    "wanted": {
      "dependentId": "packages/utils",
      "name": "nyc",
      "rawSpec": "^15.1.0"
    }
  },
  "35 debug pnpm:_dependency_resolved": {
    "resolution": "registry.npmjs.org/base58/2.0.1",
    "wanted": {
      "dependentId": "packages/utils",
      "name": "base58",
      "rawSpec": "^2.0.1"
    }
  },
  "36 debug pnpm:_dependency_resolved": {
    "resolution": "registry.npmjs.org/case/1.6.3",
    "wanted": {
      "dependentId": "packages/utils",
      "name": "case",
      "rawSpec": "^1.6.3"
    }
  },
  "37 debug pnpm:_dependency_resolved": {
    "resolution": "registry.npmjs.org/csv-parse/4.10.1",
    "wanted": {
      "dependentId": "packages/utils",
      "name": "csv-parse",
      "rawSpec": "^4.10.1"
    }
  },
  "38 debug pnpm:_dependency_resolved": {
    "resolution": "registry.npmjs.org/fs-extra/9.1.0",
    "wanted": {
      "dependentId": "packages/utils",
      "name": "fs-extra",
      "rawSpec": "^9.1.0"
    }
  },
  "39 debug pnpm:_dependency_resolved": {
    "resolution": "registry.npmjs.org/isbinaryfile/4.0.6",
    "wanted": {
      "dependentId": "packages/utils",
      "name": "isbinaryfile",
      "rawSpec": "^4.0.5"
    }
  },
  "40 debug pnpm:_dependency_resolved": {
    "resolution": "registry.npmjs.org/lodash/4.17.19",
    "wanted": {
      "dependentId": "packages/utils",
      "name": "lodash",
      "rawSpec": "^4.17.15"
    }
  },
  "41 debug pnpm:_dependency_resolved": {
    "resolution": "registry.npmjs.org/play-sound/1.1.3",
    "wanted": {
      "dependentId": "packages/utils",
      "name": "play-sound",
      "rawSpec": "^1.1.3"
    }
  },
  "42 debug pnpm:_dependency_resolved": {
    "resolution": "registry.npmjs.org/yaml/1.10.0",
    "wanted": {
      "dependentId": "packages/utils",
      "name": "yaml",
      "rawSpec": "^1.10.0"
    }
  },
  "43 debug pnpm:_dependency_resolved": {
    "resolution": "registry.npmjs.org/chai/4.2.0",
    "wanted": {
      "dependentId": "packages/tls",
      "name": "chai",
      "rawSpec": "^4.2.0"
    }
  },
  "44 debug pnpm:_dependency_resolved": {
    "resolution": "registry.npmjs.org/cross-env/7.0.2",
    "wanted": {
      "dependentId": "packages/tls",
      "name": "cross-env",
      "rawSpec": "^7.0.2"
    }
  },
  "45 debug pnpm:_dependency_resolved": {
    "resolution": "registry.npmjs.org/eslint/6.8.0",
    "wanted": {
      "dependentId": "packages/tls",
      "name": "eslint",
      "rawSpec": "^6.8.0"
    }
  },
  "46 debug pnpm:_dependency_resolved": {
    "resolution": "registry.npmjs.org/eslint-plugin-node/11.1.0",
    "wanted": {
      "dependentId": "packages/tls",
      "name": "eslint-plugin-node",
      "rawSpec": "^11.1.0"
    }
  },
  "47 debug pnpm:_dependency_resolved": {
    "resolution": "registry.npmjs.org/mocha/7.2.0",
    "wanted": {
      "dependentId": "packages/tls",
      "name": "mocha",
      "rawSpec": "^7.1.1"
    }
  },
  "48 debug pnpm:_dependency_resolved": {
    "resolution": "registry.npmjs.org/nyc/15.1.0",
    "wanted": {
      "dependentId": "packages/tls",
      "name": "nyc",
      "rawSpec": "^15.1.0"
    }
  },
  "49 debug pnpm:_dependency_resolved": {
    "resolution": "registry.npmjs.org/chalk/4.1.0",
    "wanted": {
      "dependentId": "packages/tls",
      "name": "chalk",
      "rawSpec": "^4.1.0"
    }
  },
  "50 debug pnpm:_dependency_resolved": {
    "resolution": "registry.npmjs.org/command-line-args/5.1.1",
    "wanted": {
      "dependentId": "packages/tls",
      "name": "command-line-args",
      "rawSpec": "^5.1.1"
    }
  },
  "51 debug pnpm:_dependency_resolved": {
    "resolution": "registry.npmjs.org/fs-extra/9.1.0",
    "wanted": {
      "dependentId": "packages/tls",
      "name": "fs-extra",
      "rawSpec": "^9.1.0"
    }
  },
  "52 debug pnpm:_dependency_resolved": {
    "resolution": "registry.npmjs.org/chai/4.2.0",
    "wanted": {
      "dependentId": "packages/core",
      "name": "chai",
      "rawSpec": "^4.2.0"
    }
  },
  "53 debug pnpm:_dependency_resolved": {
    "resolution": "registry.npmjs.org/cross-env/7.0.2",
    "wanted": {
      "dependentId": "packages/core",
      "name": "cross-env",
      "rawSpec": "^7.0.2"
    }
  },
  "54 debug pnpm:_dependency_resolved": {
    "resolution": "registry.npmjs.org/eslint/6.8.0",
    "wanted": {
      "dependentId": "packages/core",
      "name": "eslint",
      "rawSpec": "^6.8.0"
    }
  },
  "55 debug pnpm:_dependency_resolved": {
    "resolution": "registry.npmjs.org/eslint-plugin-node/11.1.0",
    "wanted": {
      "dependentId": "packages/core",
      "name": "eslint-plugin-node",
      "rawSpec": "^11.1.0"
    }
  },
  "56 debug pnpm:_dependency_resolved": {
    "resolution": "registry.npmjs.org/mocha/7.2.0",
    "wanted": {
      "dependentId": "packages/core",
      "name": "mocha",
      "rawSpec": "^7.1.2"
    }
  },
  "57 debug pnpm:_dependency_resolved": {
    "resolution": "registry.npmjs.org/nyc/15.1.0",
    "wanted": {
      "dependentId": "packages/core",
      "name": "nyc",
      "rawSpec": "^15.1.0"
    }
  },
  "58 debug pnpm:_dependency_resolved": {
    "resolution": "registry.npmjs.org/fs-extra/9.1.0",
    "wanted": {
      "dependentId": "packages/core",
      "name": "fs-extra",
      "rawSpec": "^9.1.0"
    }
  },
  "59 debug pnpm:_dependency_resolved": {
    "resolution": "registry.npmjs.org/homedir/0.6.0",
    "wanted": {
      "dependentId": "packages/core",
      "name": "homedir",
      "rawSpec": "^0.6.0"
    }
  },
  "60 debug pnpm:_dependency_resolved": {
    "resolution": "registry.npmjs.org/lodash/4.17.19",
    "wanted": {
      "dependentId": "packages/core",
      "name": "lodash",
      "rawSpec": "^4.17.15"
    }
  },
  "61 debug pnpm:_dependency_resolved": {
    "resolution": "registry.npmjs.org/chai/4.2.0",
    "wanted": {
      "dependentId": "packages/fs",
      "name": "chai",
      "rawSpec": "^4.2.0"
    }
  },
  "62 debug pnpm:_dependency_resolved": {
    "resolution": "registry.npmjs.org/cross-env/7.0.2",
    "wanted": {
      "dependentId": "packages/fs",
      "name": "cross-env",
      "rawSpec": "^7.0.2"
    }
  },
  "63 debug pnpm:_dependency_resolved": {
    "resolution": "registry.npmjs.org/eslint/6.8.0",
    "wanted": {
      "dependentId": "packages/fs",
      "name": "eslint",
      "rawSpec": "^6.8.0"
    }
  },
  "64 debug pnpm:_dependency_resolved": {
    "resolution": "registry.npmjs.org/eslint-plugin-node/11.1.0",
    "wanted": {
      "dependentId": "packages/fs",
      "name": "eslint-plugin-node",
      "rawSpec": "^11.0.0"
    }
  },
  "65 debug pnpm:_dependency_resolved": {
    "resolution": "registry.npmjs.org/mocha/7.2.0",
    "wanted": {
      "dependentId": "packages/fs",
      "name": "mocha",
      "rawSpec": "^7.1.1"
    }
  },
  "66 debug pnpm:_dependency_resolved": {
    "resolution": "registry.npmjs.org/nyc/15.1.0",
    "wanted": {
      "dependentId": "packages/fs",
      "name": "nyc",
      "rawSpec": "^15.1.0"
    }
  },
  "67 debug pnpm:_dependency_resolved": {
    "resolution": "registry.npmjs.org/command-line-args/5.1.1",
    "wanted": {
      "dependentId": "packages/fs",
      "name": "command-line-args",
      "rawSpec": "^5.1.1"
    }
  },
  "68 debug pnpm:_dependency_resolved": {
    "resolution": "registry.npmjs.org/fs-extra/9.1.0",
    "wanted": {
      "dependentId": "packages/fs",
      "name": "fs-extra",
      "rawSpec": "^9.1.0"
    }
  },
  "69 debug pnpm:_dependency_resolved": {
    "resolution": "registry.npmjs.org/lodash/4.17.19",
    "wanted": {
      "dependentId": "packages/fs",
      "name": "lodash",
      "rawSpec": "^4.17.15"
    }
  },
  "70 debug pnpm:_dependency_resolved": {
    "resolution": "registry.npmjs.org/cross-env/7.0.2",
    "wanted": {
      "dependentId": "packages/test-helpers",
      "name": "cross-env",
      "rawSpec": "^7.0.2"
    }
  },
  "71 debug pnpm:_dependency_resolved": {
    "resolution": "registry.npmjs.org/eslint/6.8.0",
    "wanted": {
      "dependentId": "packages/test-helpers",
      "name": "eslint",
      "rawSpec": "^6.8.0"
    }
  },
  "72 debug pnpm:_dependency_resolved": {
    "resolution": "registry.npmjs.org/eslint-plugin-node/11.1.0",
    "wanted": {
      "dependentId": "packages/test-helpers",
      "name": "eslint-plugin-node",
      "rawSpec": "^11.0.0"
    }
  },
  "73 debug pnpm:_dependency_resolved": {
    "resolution": "registry.npmjs.org/mocha/7.2.0",
    "wanted": {
      "dependentId": "packages/test-helpers",
      "name": "mocha",
      "rawSpec": "^7.1.2"
    }
  },
  "74 debug pnpm:_dependency_resolved": {
    "resolution": "registry.npmjs.org/nyc/15.1.0",
    "wanted": {
      "dependentId": "packages/test-helpers",
      "name": "nyc",
      "rawSpec": "^15.1.0"
    }
  },
  "75 debug pnpm:_dependency_resolved": {
    "resolution": "registry.npmjs.org/chai/4.2.0",
    "wanted": {
      "dependentId": "packages/test-helpers",
      "name": "chai",
      "rawSpec": "^4.2.0"
    }
  },
  "76 debug pnpm:_dependency_resolved": {
    "resolution": "registry.npmjs.org/chalk/3.0.0",
    "wanted": {
      "dependentId": "packages/test-helpers",
      "name": "chalk",
      "rawSpec": "^3.0.0"
    }
  },
  "77 debug pnpm:_dependency_resolved": {
    "resolution": "registry.npmjs.org/fs-extra/9.1.0",
    "wanted": {
      "dependentId": "packages/test-helpers",
      "name": "fs-extra",
      "rawSpec": "^9.1.0"
    }
  },
  "78 debug pnpm:_dependency_resolved": {
    "resolution": "registry.npmjs.org/lodash/4.17.19",
    "wanted": {
      "dependentId": "packages/test-helpers",
      "name": "lodash",
      "rawSpec": "^4.17.19"
    }
  },
  "79 debug pnpm:_dependency_resolved": {
    "resolution": "registry.npmjs.org/superagent/5.3.1",
    "wanted": {
      "dependentId": "packages/test-helpers",
      "name": "superagent",
      "rawSpec": "^5.3.1"
    }
  },
  "80 debug pnpm:_dependency_resolved": {
    "resolution": "registry.npmjs.org/test-console/1.1.0",
    "wanted": {
      "dependentId": "packages/test-helpers",
      "name": "test-console",
      "rawSpec": "^1.1.0"
    }
  },
  "81 debug pnpm:_dependency_resolved": {
    "resolution": "registry.npmjs.org/chai/4.2.0",
    "wanted": {
      "dependentId": "packages/tunnel",
      "name": "chai",
      "rawSpec": "^4.2.0"
    }
  },
  "82 debug pnpm:_dependency_resolved": {
    "resolution": "registry.npmjs.org/cross-env/7.0.2",
    "wanted": {
      "dependentId": "packages/tunnel",
      "name": "cross-env",
      "rawSpec": "^7.0.2"
    }
  },
  "83 debug pnpm:_dependency_resolved": {
    "resolution": "registry.npmjs.org/eslint/6.8.0",
    "wanted": {
      "dependentId": "packages/tunnel",
      "name": "eslint",
      "rawSpec": "^6.8.0"
    }
  },
  "84 debug pnpm:_dependency_resolved": {
    "resolution": "registry.npmjs.org/eslint-plugin-node/11.1.0",
    "wanted": {
      "dependentId": "packages/tunnel",
      "name": "eslint-plugin-node",
      "rawSpec": "^11.0.0"
    }
  },
  "85 debug pnpm:_dependency_resolved": {
    "resolution": "registry.npmjs.org/mocha/7.2.0",
    "wanted": {
      "dependentId": "packages/tunnel",
      "name": "mocha",
      "rawSpec": "^7.1.1"
    }
  },
  "86 debug pnpm:_dependency_resolved": {
    "resolution": "registry.npmjs.org/nyc/15.1.0",
    "wanted": {
      "dependentId": "packages/tunnel",
      "name": "nyc",
      "rawSpec": "^15.1.0"
    }
  },
  "87 debug pnpm:_dependency_resolved": {
    "resolution": "registry.npmjs.org/chalk/3.0.0",
    "wanted": {
      "dependentId": "packages/tunnel",
      "name": "chalk",
      "rawSpec": "^3.0.0"
    }
  },
  "88 debug pnpm:_dependency_resolved": {
    "resolution": "registry.npmjs.org/command-line-args/5.1.1",
    "wanted": {
      "dependentId": "packages/tunnel",
      "name": "command-line-args",
      "rawSpec": "^5.1.1"
    }
  },
  "89 debug pnpm:_dependency_resolved": {
    "resolution": "registry.npmjs.org/fs-extra/9.0.1",
    "wanted": {
      "dependentId": "packages/tunnel",
      "name": "fs-extra",
      "rawSpec": "^9.0.1"
    }
  },
  "90 debug pnpm:_dependency_resolved": {
    "resolution": "registry.npmjs.org/openurl/1.1.1",
    "wanted": {
      "dependentId": "packages/tunnel",
      "name": "openurl",
      "rawSpec": "^1.1.1"
    }
  },
  "91 debug pnpm:_dependency_resolved": {
    "resolution": "registry.npmjs.org/superagent/5.3.1",
    "wanted": {
      "dependentId": "packages/tunnel",
      "name": "superagent",
      "rawSpec": "^5.3.1"
    }
  },
  "92 debug pnpm:_dependency_resolved": {
    "resolution": "registry.npmjs.org/chai/4.2.0",
    "wanted": {
      "dependentId": "packages/courier",
      "name": "chai",
      "rawSpec": "^4.2.0"
    }
  },
  "93 debug pnpm:_dependency_resolved": {
    "resolution": "registry.npmjs.org/cross-env/7.0.2",
    "wanted": {
      "dependentId": "packages/courier",
      "name": "cross-env",
      "rawSpec": "^7.0.2"
    }
  },
  "94 debug pnpm:_dependency_resolved": {
    "resolution": "registry.npmjs.org/eslint/6.8.0",
    "wanted": {
      "dependentId": "packages/courier",
      "name": "eslint",
      "rawSpec": "^6.8.0"
    }
  },
  "95 debug pnpm:_dependency_resolved": {
    "resolution": "registry.npmjs.org/eslint-plugin-node/11.1.0",
    "wanted": {
      "dependentId": "packages/courier",
      "name": "eslint-plugin-node",
      "rawSpec": "^11.1.0"
    }
  },
  "96 debug pnpm:_dependency_resolved": {
    "resolution": "registry.npmjs.org/mocha/7.2.0",
    "wanted": {
      "dependentId": "packages/courier",
      "name": "mocha",
      "rawSpec": "^7.1.1"
    }
  },
  "97 debug pnpm:_dependency_resolved": {
    "resolution": "registry.npmjs.org/nyc/15.1.0",
    "wanted": {
      "dependentId": "packages/courier",
      "name": "nyc",
      "rawSpec": "^15.1.0"
    }
  },
  "98 debug pnpm:_dependency_resolved": {
    "resolution": "registry.npmjs.org/body-parser/1.19.0",
    "wanted": {
      "dependentId": "packages/courier",
      "name": "body-parser",
      "rawSpec": "^1.19.0"
    }
  },
  "99 debug pnpm:_dependency_resolved": {
    "resolution": "registry.npmjs.org/chalk/3.0.0",
    "wanted": {
      "dependentId": "packages/courier",
      "name": "chalk",
      "rawSpec": "^3.0.0"
    }
  },
  "100 debug pnpm:_dependency_resolved": {
    "resolution": "registry.npmjs.org/command-line-args/5.1.1",
    "wanted": {
      "dependentId": "packages/courier",
      "name": "command-line-args",
      "rawSpec": "^5.1.1"
    }
  },
  "101 debug pnpm:_dependency_resolved": {
    "resolution": "registry.npmjs.org/express/4.17.1",
    "wanted": {
      "dependentId": "packages/courier",
      "name": "express",
      "rawSpec": "^4.17.1"
    }
  },
  "102 debug pnpm:_dependency_resolved": {
    "resolution": "registry.npmjs.org/fs-extra/9.1.0",
    "wanted": {
      "dependentId": "packages/courier",
      "name": "fs-extra",
      "rawSpec": "^9.1.0"
    }
  },
  "103 debug pnpm:_dependency_resolved": {
    "resolution": "registry.npmjs.org/homedir/0.6.0",
    "wanted": {
      "dependentId": "packages/courier",
      "name": "homedir",
      "rawSpec": "^0.6.0"
    }
  },
  "104 debug pnpm:_dependency_resolved": {
    "resolution": "registry.npmjs.org/knex/0.21.15",
    "wanted": {
      "dependentId": "packages/courier",
      "name": "knex",
      "rawSpec": "^0.21.15"
    }
  },
  "105 debug pnpm:_dependency_resolved": {
    "resolution": "registry.npmjs.org/sqlite3/5.0.0",
    "wanted": {
      "dependentId": "packages/courier",
      "name": "sqlite3",
      "rawSpec": "^5.0.0"
    }
  },
  "106 debug pnpm:_dependency_resolved": {
    "resolution": "registry.npmjs.org/superagent/5.3.1",
    "wanted": {
      "dependentId": "packages/courier",
      "name": "superagent",
      "rawSpec": "^5.3.1"
    }
  },
  "107 debug pnpm:_dependency_resolved": {
    "resolution": "registry.npmjs.org/chai/4.2.0",
    "wanted": {
      "dependentId": "packages/migrate",
      "name": "chai",
      "rawSpec": "^4.2.0"
    }
  },
  "108 debug pnpm:_dependency_resolved": {
    "resolution": "registry.npmjs.org/chalk/3.0.0",
    "wanted": {
      "dependentId": "packages/migrate",
      "name": "chalk",
      "rawSpec": "^3.0.0"
    }
  },
  "109 debug pnpm:_dependency_resolved": {
    "resolution": "registry.npmjs.org/cross-env/7.0.2",
    "wanted": {
      "dependentId": "packages/migrate",
      "name": "cross-env",
      "rawSpec": "^7.0.2"
    }
  },
  "110 debug pnpm:_dependency_resolved": {
    "resolution": "registry.npmjs.org/eslint/6.8.0",
    "wanted": {
      "dependentId": "packages/migrate",
      "name": "eslint",
      "rawSpec": "^6.8.0"
    }
  },
  "111 debug pnpm:_dependency_resolved": {
    "resolution": "registry.npmjs.org/eslint-plugin-node/11.1.0",
    "wanted": {
      "dependentId": "packages/migrate",
      "name": "eslint-plugin-node",
      "rawSpec": "^11.0.0"
    }
  },
  "112 debug pnpm:_dependency_resolved": {
    "resolution": "registry.npmjs.org/mocha/7.2.0",
    "wanted": {
      "dependentId": "packages/migrate",
      "name": "mocha",
      "rawSpec": "^7.1.1"
    }
  },
  "113 debug pnpm:_dependency_resolved": {
    "resolution": "registry.npmjs.org/nyc/15.1.0",
    "wanted": {
      "dependentId": "packages/migrate",
      "name": "nyc",
      "rawSpec": "^15.1.0"
    }
  },
  "114 debug pnpm:_dependency_resolved": {
    "resolution": "registry.npmjs.org/test-console/1.1.0",
    "wanted": {
      "dependentId": "packages/migrate",
      "name": "test-console",
      "rawSpec": "^1.1.0"
    }
  },
  "115 debug pnpm:_dependency_resolved": {
    "resolution": "registry.npmjs.org/command-line-args/5.1.1",
    "wanted": {
      "dependentId": "packages/migrate",
      "name": "command-line-args",
      "rawSpec": "^5.1.1"
    }
  },
  "116 debug pnpm:_dependency_resolved": {
    "resolution": "registry.npmjs.org/fs-extra/9.1.0",
    "wanted": {
      "dependentId": "packages/migrate",
      "name": "fs-extra",
      "rawSpec": "^9.1.0"
    }
  },
  "117 debug pnpm:_dependency_resolved": {
    "resolution": "registry.npmjs.org/homedir/0.6.0",
    "wanted": {
      "dependentId": "packages/migrate",
      "name": "homedir",
      "rawSpec": "^0.6.0"
    }
  },
  "118 debug pnpm:_dependency_resolved": {
    "resolution": "registry.npmjs.org/inquirer/7.3.3",
    "wanted": {
      "dependentId": "packages/migrate",
      "name": "inquirer",
      "rawSpec": "^7.1.0"
    }
  },
  "119 debug pnpm:_dependency_resolved": {
    "resolution": "registry.npmjs.org/inquirer-command-prompt/0.1.0",
    "wanted": {
      "dependentId": "packages/migrate",
      "name": "inquirer-command-prompt",
      "rawSpec": "^0.1.0"
    }
  },
  "120 debug pnpm:_dependency_resolved": {
    "resolution": "registry.npmjs.org/chai/4.2.0",
    "wanted": {
      "dependentId": "packages/secrez",
      "name": "chai",
      "rawSpec": "^4.2.0"
    }
  },
  "121 debug pnpm:_dependency_resolved": {
    "resolution": "registry.npmjs.org/chalk/3.0.0",
    "wanted": {
      "dependentId": "packages/secrez",
      "name": "chalk",
      "rawSpec": "^3.0.0"
    }
  },
  "122 debug pnpm:_dependency_resolved": {
    "resolution": "registry.npmjs.org/cross-env/7.0.2",
    "wanted": {
      "dependentId": "packages/secrez",
      "name": "cross-env",
      "rawSpec": "^7.0.2"
    }
  },
  "123 debug pnpm:_dependency_resolved": {
    "resolution": "registry.npmjs.org/eslint/6.8.0",
    "wanted": {
      "dependentId": "packages/secrez",
      "name": "eslint",
      "rawSpec": "^6.8.0"
    }
  },
  "124 debug pnpm:_dependency_resolved": {
    "resolution": "registry.npmjs.org/eslint-plugin-node/11.1.0",
    "wanted": {
      "dependentId": "packages/secrez",
      "name": "eslint-plugin-node",
      "rawSpec": "^11.0.0"
    }
  },
  "125 debug pnpm:_dependency_resolved": {
    "resolution": "registry.npmjs.org/mocha/7.2.0",
    "wanted": {
      "dependentId": "packages/secrez",
      "name": "mocha",
      "rawSpec": "^7.1.1"
    }
  },
  "126 debug pnpm:_dependency_resolved": {
    "resolution": "registry.npmjs.org/nyc/15.1.0",
    "wanted": {
      "dependentId": "packages/secrez",
      "name": "nyc",
      "rawSpec": "^15.1.0"
    }
  },
  "127 debug pnpm:_dependency_resolved": {
    "resolution": "registry.npmjs.org/test-console/1.1.0",
    "wanted": {
      "dependentId": "packages/secrez",
      "name": "test-console",
      "rawSpec": "^1.1.0"
    }
  },
  "128 debug pnpm:_dependency_resolved": {
    "resolution": "registry.npmjs.org/case/1.6.3",
    "wanted": {
      "dependentId": "packages/secrez",
      "name": "case",
      "rawSpec": "^1.6.3"
    }
  },
  "129 debug pnpm:_dependency_resolved": {
    "resolution": "registry.npmjs.org/clipboardy/2.3.0",
    "wanted": {
      "dependentId": "packages/secrez",
      "name": "clipboardy",
      "rawSpec": "^2.3.0"
    }
  },
  "130 debug pnpm:_dependency_resolved": {
    "resolution": "registry.npmjs.org/command-line-args/5.1.1",
    "wanted": {
      "dependentId": "packages/secrez",
      "name": "command-line-args",
      "rawSpec": "^5.1.1"
    }
  },
  "131 debug pnpm:_dependency_resolved": {
    "resolution": "registry.npmjs.org/external-editor/3.1.0",
    "wanted": {
      "dependentId": "packages/secrez",
      "name": "external-editor",
      "rawSpec": "^3.1.0"
    }
  },
  "132 debug pnpm:_dependency_resolved": {
    "resolution": "registry.npmjs.org/fs-extra/9.1.0",
    "wanted": {
      "dependentId": "packages/secrez",
      "name": "fs-extra",
      "rawSpec": "^9.1.0"
    }
  },
  "133 debug pnpm:_dependency_resolved": {
    "resolution": "registry.npmjs.org/homedir/0.6.0",
    "wanted": {
      "dependentId": "packages/secrez",
      "name": "homedir",
      "rawSpec": "^0.6.0"
    }
  },
  "134 debug pnpm:_dependency_resolved": {
    "resolution": "registry.npmjs.org/inquirer/7.3.1",
    "wanted": {
      "dependentId": "packages/secrez",
      "name": "inquirer",
      "rawSpec": "^7.1.0"
    }
  },
  "135 debug pnpm:_dependency_resolved": {
    "resolution": "registry.npmjs.org/inquirer-command-prompt/0.1.0",
    "wanted": {
      "dependentId": "packages/secrez",
      "name": "inquirer-command-prompt",
      "rawSpec": "^0.1.0"
    }
  },
  "136 debug pnpm:_dependency_resolved": {
    "resolution": "registry.npmjs.org/jimp/0.13.0",
    "wanted": {
      "dependentId": "packages/secrez",
      "name": "jimp",
      "rawSpec": "^0.13.0"
    }
  },
  "137 debug pnpm:_dependency_resolved": {
    "resolution": "registry.npmjs.org/lodash/4.17.19",
    "wanted": {
      "dependentId": "packages/secrez",
      "name": "lodash",
      "rawSpec": "^4.17.15"
    }
  },
  "138 debug pnpm:_dependency_resolved": {
    "resolution": "registry.npmjs.org/otplib/12.0.1",
    "wanted": {
      "dependentId": "packages/secrez",
      "name": "otplib",
      "rawSpec": "^12.0.1"
    }
  },
  "139 debug pnpm:_dependency_resolved": {
    "resolution": "registry.npmjs.org/qrcode-reader/1.0.4",
    "wanted": {
      "dependentId": "packages/secrez",
      "name": "qrcode-reader",
      "rawSpec": "^1.0.4"
    }
  },
  "140 debug pnpm:_dependency_resolved": {
    "resolution": "registry.npmjs.org/superagent/5.3.1",
    "wanted": {
      "dependentId": "packages/secrez",
      "name": "superagent",
      "rawSpec": "^5.3.1"
    }
  },
  "141 debug pnpm:_dependency_resolved": {
    "resolution": "registry.npmjs.org/tiny-cli-editor/0.1.1",
    "wanted": {
      "dependentId": "packages/secrez",
      "name": "tiny-cli-editor",
      "rawSpec": "^0.1.1"
    }
  },
  "142 debug pnpm:_dependency_resolved": {
    "resolution": "registry.npmjs.org/chai/4.2.0",
    "wanted": {
      "dependentId": "packages/hub",
      "name": "chai",
      "rawSpec": "4.2.0"
    }
  },
  "143 debug pnpm:_dependency_resolved": {
    "resolution": "registry.npmjs.org/cross-env/7.0.2",
    "wanted": {
      "dependentId": "packages/hub",
      "name": "cross-env",
      "rawSpec": "7.0.2"
    }
  },
  "144 debug pnpm:_dependency_resolved": {
    "resolution": "registry.npmjs.org/eslint/6.8.0",
    "wanted": {
      "dependentId": "packages/hub",
      "name": "eslint",
      "rawSpec": "^6.8.0"
    }
  },
  "145 debug pnpm:_dependency_resolved": {
    "resolution": "registry.npmjs.org/eslint-plugin-node/11.1.0",
    "wanted": {
      "dependentId": "packages/hub",
      "name": "eslint-plugin-node",
      "rawSpec": "^11.0.0"
    }
  },
  "146 debug pnpm:_dependency_resolved": {
    "resolution": "registry.npmjs.org/mocha/8.0.1",
    "wanted": {
      "dependentId": "packages/hub",
      "name": "mocha",
      "rawSpec": "8.0.1"
    }
  },
  "147 debug pnpm:_dependency_resolved": {
    "resolution": "registry.npmjs.org/node-dev/4.1.0",
    "wanted": {
      "dependentId": "packages/hub",
      "name": "node-dev",
      "rawSpec": "4.1.0"
    }
  },
  "148 debug pnpm:_dependency_resolved": {
    "resolution": "registry.npmjs.org/nyc/15.1.0",
    "wanted": {
      "dependentId": "packages/hub",
      "name": "nyc",
      "rawSpec": "^15.1.0"
    }
  },
  "149 debug pnpm:_dependency_resolved": {
    "resolution": "registry.npmjs.org/supertest/4.0.2",
    "wanted": {
      "dependentId": "packages/hub",
      "name": "supertest",
      "rawSpec": "4.0.2"
    }
  },
  "150 debug pnpm:_dependency_resolved": {
    "resolution": "registry.npmjs.org/ws/7.3.0",
    "wanted": {
      "dependentId": "packages/hub",
      "name": "ws",
      "rawSpec": "7.3.0"
    }
  },
  "151 debug pnpm:_dependency_resolved": {
    "resolution": "registry.npmjs.org/book/1.3.3",
    "wanted": {
      "dependentId": "packages/hub",
      "name": "book",
      "rawSpec": "1.3.3"
    }
  },
  "152 debug pnpm:_dependency_resolved": {
    "resolution": "registry.npmjs.org/chalk/3.0.0",
    "wanted": {
      "dependentId": "packages/hub",
      "name": "chalk",
      "rawSpec": "^3.0.0"
    }
  },
  "153 debug pnpm:_dependency_resolved": {
    "resolution": "registry.npmjs.org/command-line-args/5.1.1",
    "wanted": {
      "dependentId": "packages/hub",
      "name": "command-line-args",
      "rawSpec": "^5.1.1"
    }
  },
  "154 debug pnpm:_dependency_resolved": {
    "resolution": "registry.npmjs.org/fs-extra/9.1.0",
    "wanted": {
      "dependentId": "packages/hub",
      "name": "fs-extra",
      "rawSpec": "^9.1.0"
    }
  },
  "155 debug pnpm:_dependency_resolved": {
    "resolution": "registry.npmjs.org/knex/0.21.15",
    "wanted": {
      "dependentId": "packages/hub",
      "name": "knex",
      "rawSpec": "^0.21.15"
    }
  },
  "156 debug pnpm:_dependency_resolved": {
    "resolution": "registry.npmjs.org/koa/2.13.0",
    "wanted": {
      "dependentId": "packages/hub",
      "name": "koa",
      "rawSpec": "2.13.0"
    }
  },
  "157 debug pnpm:_dependency_resolved": {
    "resolution": "registry.npmjs.org/koa-router/9.1.0",
    "wanted": {
      "dependentId": "packages/hub",
      "name": "koa-router",
      "rawSpec": "9.1.0"
    }
  },
  "158 debug pnpm:_dependency_resolved": {
    "resolution": "registry.npmjs.org/pump/3.0.0",
    "wanted": {
      "dependentId": "packages/hub",
      "name": "pump",
      "rawSpec": "3.0.0"
    }
  },
  "159 debug pnpm:_dependency_resolved": {
    "resolution": "registry.npmjs.org/sqlite3/5.0.0",
    "wanted": {
      "dependentId": "packages/hub",
      "name": "sqlite3",
      "rawSpec": "^5.0.0"
    }
  },
  "160 debug pnpm:_dependency_resolved": {
    "resolution": "link:../utils",
    "wanted": {
      "dependentId": "packages/crypto",
      "name": "@secrez/utils",
      "rawSpec": "workspace:~1.0.2"
    }
  },
  "161 debug pnpm:_dependency_resolved": {
    "resolution": "link:../test-helpers",
    "wanted": {
      "dependentId": "packages/utils",
      "name": "@secrez/test-helpers",
      "rawSpec": "workspace:~1.0.2"
    }
  },
  "162 debug pnpm:_dependency_resolved": {
    "resolution": "link:../test-helpers",
    "wanted": {
      "dependentId": "packages/tls",
      "name": "@secrez/test-helpers",
      "rawSpec": "workspace:~1.0.2"
    }
  },
  "163 debug pnpm:_dependency_resolved": {
    "resolution": "link:../utils",
    "wanted": {
      "dependentId": "packages/tls",
      "name": "@secrez/utils",
      "rawSpec": "workspace:~1.0.2"
    }
  },
  "164 debug pnpm:_dependency_resolved": {
    "resolution": "link:../test-helpers",
    "wanted": {
      "dependentId": "packages/core",
      "name": "@secrez/test-helpers",
      "rawSpec": "workspace:~1.0.2"
    }
  },
  "165 debug pnpm:_dependency_resolved": {
    "resolution": "link:../crypto",
    "wanted": {
      "dependentId": "packages/core",
      "name": "@secrez/crypto",
      "rawSpec": "workspace:~1.0.1"
    }
  },
  "166 debug pnpm:_dependency_resolved": {
    "resolution": "link:../utils",
    "wanted": {
      "dependentId": "packages/core",
      "name": "@secrez/utils",
      "rawSpec": "workspace:~1.0.2"
    }
  },
  "167 debug pnpm:_dependency_resolved": {
    "resolution": "link:../test-helpers",
    "wanted": {
      "dependentId": "packages/fs",
      "name": "@secrez/test-helpers",
      "rawSpec": "workspace:~1.0.2"
    }
  },
  "168 debug pnpm:_dependency_resolved": {
    "resolution": "link:../core",
    "wanted": {
      "dependentId": "packages/fs",
      "name": "@secrez/core",
      "rawSpec": "workspace:~1.0.3"
    }
  },
  "169 debug pnpm:_dependency_resolved": {
    "resolution": "link:../crypto",
    "wanted": {
      "dependentId": "packages/fs",
      "name": "@secrez/crypto",
      "rawSpec": "workspace:~1.0.1"
    }
  },
  "170 debug pnpm:_dependency_resolved": {
    "resolution": "link:../utils",
    "wanted": {
      "dependentId": "packages/fs",
      "name": "@secrez/utils",
      "rawSpec": "workspace:~1.0.2"
    }
  },
  "171 debug pnpm:_dependency_resolved": {
    "resolution": "link:../core",
    "wanted": {
      "dependentId": "packages/test-helpers",
      "name": "@secrez/core",
      "rawSpec": "workspace:~1.0.3"
    }
  },
  "172 debug pnpm:_dependency_resolved": {
    "resolution": "link:../crypto",
    "wanted": {
      "dependentId": "packages/test-helpers",
      "name": "@secrez/crypto",
      "rawSpec": "workspace:~1.0.1"
    }
  },
  "173 debug pnpm:_dependency_resolved": {
    "resolution": "link:../fs",
    "wanted": {
      "dependentId": "packages/test-helpers",
      "name": "@secrez/fs",
      "rawSpec": "workspace:~1.0.3"
    }
  },
  "174 debug pnpm:_dependency_resolved": {
    "resolution": "link:../hub",
    "wanted": {
      "dependentId": "packages/test-helpers",
      "name": "@secrez/hub",
      "rawSpec": "workspace:~0.2.1"
    }
  },
  "175 debug pnpm:_dependency_resolved": {
    "resolution": "link:../utils",
    "wanted": {
      "dependentId": "packages/test-helpers",
      "name": "@secrez/utils",
      "rawSpec": "workspace:~1.0.2"
    }
  },
  "176 debug pnpm:_dependency_resolved": {
    "resolution": "link:../hub",
    "wanted": {
      "dependentId": "packages/tunnel",
      "name": "@secrez/hub",
      "rawSpec": "workspace:~0.2.1"
    }
  },
  "177 debug pnpm:_dependency_resolved": {
    "resolution": "link:../test-helpers",
    "wanted": {
      "dependentId": "packages/tunnel",
      "name": "@secrez/test-helpers",
      "rawSpec": "workspace:~1.0.2"
    }
  },
  "178 debug pnpm:_dependency_resolved": {
    "resolution": "link:../tls",
    "wanted": {
      "dependentId": "packages/tunnel",
      "name": "@secrez/tls",
      "rawSpec": "workspace:~0.1.4"
    }
  },
  "179 debug pnpm:_dependency_resolved": {
    "resolution": "link:../core",
    "wanted": {
      "dependentId": "packages/tunnel",
      "name": "@secrez/core",
      "rawSpec": "workspace:~1.0.3"
    }
  },
  "180 debug pnpm:_dependency_resolved": {
    "resolution": "link:../crypto",
    "wanted": {
      "dependentId": "packages/tunnel",
      "name": "@secrez/crypto",
      "rawSpec": "workspace:~1.0.1"
    }
  },
  "181 debug pnpm:_dependency_resolved": {
    "resolution": "link:../utils",
    "wanted": {
      "dependentId": "packages/tunnel",
      "name": "@secrez/utils",
      "rawSpec": "workspace:~1.0.2"
    }
  },
  "182 debug pnpm:_dependency_resolved": {
    "resolution": "link:../test-helpers",
    "wanted": {
      "dependentId": "packages/courier",
      "name": "@secrez/test-helpers",
      "rawSpec": "workspace:~1.0.2"
    }
  },
  "183 debug pnpm:_dependency_resolved": {
    "resolution": "link:../core",
    "wanted": {
      "dependentId": "packages/courier",
      "name": "@secrez/core",
      "rawSpec": "workspace:~1.0.3"
    }
  },
  "184 debug pnpm:_dependency_resolved": {
    "resolution": "link:../crypto",
    "wanted": {
      "dependentId": "packages/courier",
      "name": "@secrez/crypto",
      "rawSpec": "workspace:~1.0.1"
    }
  },
  "185 debug pnpm:_dependency_resolved": {
    "resolution": "link:../fs",
    "wanted": {
      "dependentId": "packages/courier",
      "name": "@secrez/fs",
      "rawSpec": "workspace:~1.0.3"
    }
  },
  "186 debug pnpm:_dependency_resolved": {
    "resolution": "link:../hub",
    "wanted": {
      "dependentId": "packages/courier",
      "name": "@secrez/hub",
      "rawSpec": "workspace:~0.2.1"
    }
  },
  "187 debug pnpm:_dependency_resolved": {
    "resolution": "link:../tls",
    "wanted": {
      "dependentId": "packages/courier",
      "name": "@secrez/tls",
      "rawSpec": "workspace:~0.1.4"
    }
  },
  "188 debug pnpm:_dependency_resolved": {
    "resolution": "link:../tunnel",
    "wanted": {
      "dependentId": "packages/courier",
      "name": "@secrez/tunnel",
      "rawSpec": "workspace:~0.1.6"
    }
  },
  "189 debug pnpm:_dependency_resolved": {
    "resolution": "link:../utils",
    "wanted": {
      "dependentId": "packages/courier",
      "name": "@secrez/utils",
      "rawSpec": "workspace:~1.0.2"
    }
  },
  "190 debug pnpm:_dependency_resolved": {
    "resolution": "link:../courier",
    "wanted": {
      "dependentId": "packages/migrate",
      "name": "@secrez/courier",
      "rawSpec": "workspace:~0.2.2"
    }
  },
  "191 debug pnpm:_dependency_resolved": {
    "resolution": "link:../test-helpers",
    "wanted": {
      "dependentId": "packages/migrate",
      "name": "@secrez/test-helpers",
      "rawSpec": "workspace:~1.0.2"
    }
  },
  "192 debug pnpm:_dependency_resolved": {
    "resolution": "link:../core",
    "wanted": {
      "dependentId": "packages/migrate",
      "name": "@secrez/core",
      "rawSpec": "workspace:~1.0.3"
    }
  },
  "193 debug pnpm:_dependency_resolved": {
    "resolution": "link:../crypto",
    "wanted": {
      "dependentId": "packages/migrate",
      "name": "@secrez/crypto",
      "rawSpec": "workspace:~1.0.1"
    }
  },
  "194 debug pnpm:_dependency_resolved": {
    "resolution": "link:../fs",
    "wanted": {
      "dependentId": "packages/migrate",
      "name": "@secrez/fs",
      "rawSpec": "workspace:~1.0.3"
    }
  },
  "195 debug pnpm:_dependency_resolved": {
    "resolution": "link:../hub",
    "wanted": {
      "dependentId": "packages/migrate",
      "name": "@secrez/hub",
      "rawSpec": "workspace:~0.2.1"
    }
  },
  "196 debug pnpm:_dependency_resolved": {
    "resolution": "link:../utils",
    "wanted": {
      "dependentId": "packages/migrate",
      "name": "@secrez/utils",
      "rawSpec": "workspace:~1.0.2"
    }
  },
  "197 debug pnpm:_dependency_resolved": {
    "resolution": "link:../courier",
    "wanted": {
      "dependentId": "packages/secrez",
      "name": "@secrez/courier",
      "rawSpec": "workspace:~0.2.2"
    }
  },
  "198 debug pnpm:_dependency_resolved": {
    "resolution": "link:../test-helpers",
    "wanted": {
      "dependentId": "packages/secrez",
      "name": "@secrez/test-helpers",
      "rawSpec": "workspace:~1.0.2"
    }
  },
  "199 debug pnpm:_dependency_resolved": {
    "resolution": "link:../core",
    "wanted": {
      "dependentId": "packages/secrez",
      "name": "@secrez/core",
      "rawSpec": "workspace:~1.0.3"
    }
  },
  "200 debug pnpm:_dependency_resolved": {
    "resolution": "link:../crypto",
    "wanted": {
      "dependentId": "packages/secrez",
      "name": "@secrez/crypto",
      "rawSpec": "workspace:~1.0.1"
    }
  },
  "201 debug pnpm:_dependency_resolved": {
    "resolution": "link:../fs",
    "wanted": {
      "dependentId": "packages/secrez",
      "name": "@secrez/fs",
      "rawSpec": "workspace:~1.0.3"
    }
  },
  "202 debug pnpm:_dependency_resolved": {
    "resolution": "link:../hub",
    "wanted": {
      "dependentId": "packages/secrez",
      "name": "@secrez/hub",
      "rawSpec": "workspace:~0.2.1"
    }
  },
  "203 debug pnpm:_dependency_resolved": {
    "resolution": "link:../utils",
    "wanted": {
      "dependentId": "packages/secrez",
      "name": "@secrez/utils",
      "rawSpec": "workspace:~1.0.2"
    }
  },
  "204 debug pnpm:_dependency_resolved": {
    "resolution": "link:../test-helpers",
    "wanted": {
      "dependentId": "packages/hub",
      "name": "@secrez/test-helpers",
      "rawSpec": "workspace:~1.0.2"
    }
  },
  "205 debug pnpm:_dependency_resolved": {
    "resolution": "link:../core",
    "wanted": {
      "dependentId": "packages/hub",
      "name": "@secrez/core",
      "rawSpec": "workspace:~1.0.3"
    }
  },
  "206 debug pnpm:_dependency_resolved": {
    "resolution": "link:../crypto",
    "wanted": {
      "dependentId": "packages/hub",
      "name": "@secrez/crypto",
      "rawSpec": "workspace:~1.0.1"
    }
  },
  "207 debug pnpm:_dependency_resolved": {
    "resolution": "link:../tls",
    "wanted": {
      "dependentId": "packages/hub",
      "name": "@secrez/tls",
      "rawSpec": "workspace:~0.1.4"
    }
  },
  "208 debug pnpm:_dependency_resolved": {
    "resolution": "link:../utils",
    "wanted": {
      "dependentId": "packages/hub",
      "name": "@secrez/utils",
      "rawSpec": "workspace:~1.0.2"
    }
  },
  "209 error pnpm": {
    "code": "ERR_PNPM_NO_MATCHING_VERSION_INSIDE_WORKSPACE",
    "pkgsStack": [],
    "err": {
      "name": "pnpm",
      "message": "In ../migrate: No matching version found for secrez@~1.0.2 inside the workspace",
      "code": "ERR_PNPM_NO_MATCHING_VERSION_INSIDE_WORKSPACE",
      "stack": "pnpm: In ../migrate: No matching version found for secrez@~1.0.2 inside the workspace\n    at tryResolveFromWorkspace (/Users/francescosullo/Library/pnpm/global/5/.pnpm/pnpm@7.1.7/node_modules/pnpm/dist/pnpm.cjs:84757:15)\n    at resolveNpm (/Users/francescosullo/Library/pnpm/global/5/.pnpm/pnpm@7.1.7/node_modules/pnpm/dist/pnpm.cjs:84649:39)\n    at Object.resolve (/Users/francescosullo/Library/pnpm/global/5/.pnpm/pnpm@7.1.7/node_modules/pnpm/dist/pnpm.cjs:84879:34)\n    at ctx.requestsQueue.add.priority (/Users/francescosullo/Library/pnpm/global/5/.pnpm/pnpm@7.1.7/node_modules/pnpm/dist/pnpm.cjs:91576:75)\n    at run (/Users/francescosullo/Library/pnpm/global/5/.pnpm/pnpm@7.1.7/node_modules/pnpm/dist/pnpm.cjs:91337:90)\n    at PQueue._tryToStartAnother (/Users/francescosullo/Library/pnpm/global/5/.pnpm/pnpm@7.1.7/node_modules/pnpm/dist/pnpm.cjs:91291:13)\n    at PQueue._next (/Users/francescosullo/Library/pnpm/global/5/.pnpm/pnpm@7.1.7/node_modules/pnpm/dist/pnpm.cjs:91240:14)\n    at run (/Users/francescosullo/Library/pnpm/global/5/.pnpm/pnpm@7.1.7/node_modules/pnpm/dist/pnpm.cjs:91347:18)"
    }
  }
}